<?xml version="1.0" encoding="UTF-8"?>
<testsuite xmlns:xsi="http://www.w3.org/2001/XMLSchema-instance" xsi:noNamespaceSchemaLocation="https://maven.apache.org/surefire/maven-surefire-plugin/xsd/surefire-test-report.xsd" name="com.example.UntitledTestSuite.UntitledTestCase" time="0.158" tests="2" errors="2" skipped="0" failures="0">
  <properties>
[...]
</properties>
  <testcase name="testUntitledTestCase" classname="com.example.UntitledTestSuite.UntitledTestCase" time="0.095">
    <error message="The driver executable must exist: D:\IdeaProjects\Tests" type="java.lang.IllegalStateException">java.lang.IllegalStateException: The driver executable must exist: D:\IdeaProjects\Tests
	at com.example.UntitledTestSuite.UntitledTestCase.setUp(UntitledTestCase.java:24)
</error>
  </testcase>
  <testcase name="testUntitledTestCase" classname="com.example.UntitledTestSuite.UntitledTestCase" time="0.096">
    <error message="Cannot invoke &quot;org.openqa.selenium.WebDriver.quit()&quot; because &quot;this.driver&quot; is null" type="java.lang.NullPointerException">java.lang.NullPointerException: Cannot invoke "org.openqa.selenium.WebDriver.quit()" because "this.driver" is null
	at com.example.UntitledTestSuite.UntitledTestCase.tearDown(UntitledTestCase.java:78)
</error>
  </testcase>
</testsuite>